<?xml version="1.0" encoding="UTF-8"?>
<!-- Generated by org.testng.reporters.JUnitXMLReporter -->
<testsuite hostname="DESKTOP-NGI3UJA" ignored="0" name="Command line test" tests="6" failures="0" timestamp="2021-09-11T11:12:17 IST" time="0.037" errors="0">
  <testcase name="IOS" time="0.004" classname="Maven_project.Maven_java.AppiumApiTest"/>
  <testcase name="Nativeappsandroid" time="0.0" classname="Maven_project.Maven_java.AppiumApiTest"/>
  <testcase name="postJira" time="0.001" classname="Maven_project.Maven_java.RestAPITest"/>
  <testcase name="twitterdelete" time="0.0" classname="Maven_project.Maven_java.RestAPITest"/>
  <testcase name="Browserautomation" time="0.001" classname="Maven_project.Maven_java.SeleniumTest"/>
  <testcase name="ElementUI" time="0.0" classname="Maven_project.Maven_java.SeleniumTest"/>
</testsuite> <!-- Command line test -->
