<?xml version="1.0" encoding="UTF-8"?>
<testng-results skipped="0" failed="0" ignored="0" total="6" passed="6">
  <reporter-output>
  </reporter-output>
  <suite name="Suite" duration-ms="37" started-at="2021-09-11T11:29:05 IST" finished-at="2021-09-11T11:29:05 IST">
    <groups>
    </groups>
    <test name="Test" duration-ms="37" started-at="2021-09-11T11:29:05 IST" finished-at="2021-09-11T11:29:05 IST">
      <class name="Maven_project.Maven_java.AppiumApiTest">
        <test-method status="PASS" signature="IOS()[pri:0, instance:Maven_project.Maven_java.AppiumApiTest@5b87ed94]" name="IOS" duration-ms="0" started-at="2021-09-11T11:29:05 IST" finished-at="2021-09-11T11:29:05 IST">
          <reporter-output>
          </reporter-output>
        </test-method> <!-- IOS -->
        <test-method status="PASS" signature="Nativeappsandroid()[pri:0, instance:Maven_project.Maven_java.AppiumApiTest@5b87ed94]" name="Nativeappsandroid" duration-ms="0" started-at="2021-09-11T11:29:05 IST" finished-at="2021-09-11T11:29:05 IST">
          <reporter-output>
          </reporter-output>
        </test-method> <!-- Nativeappsandroid -->
      </class> <!-- Maven_project.Maven_java.AppiumApiTest -->
      <class name="Maven_project.Maven_java.RestAPITest">
        <test-method status="PASS" signature="postJira()[pri:0, instance:Maven_project.Maven_java.RestAPITest@7fac631b]" name="postJira" duration-ms="1" started-at="2021-09-11T11:29:05 IST" finished-at="2021-09-11T11:29:05 IST">
          <reporter-output>
          </reporter-output>
        </test-method> <!-- postJira -->
        <test-method status="PASS" signature="twitterdelete()[pri:0, instance:Maven_project.Maven_java.RestAPITest@7fac631b]" name="twitterdelete" duration-ms="0" started-at="2021-09-11T11:29:05 IST" finished-at="2021-09-11T11:29:05 IST">
          <reporter-output>
          </reporter-output>
        </test-method> <!-- twitterdelete -->
      </class> <!-- Maven_project.Maven_java.RestAPITest -->
      <class name="Maven_project.Maven_java.SeleniumTest">
        <test-method status="PASS" signature="Browserautomation()[pri:0, instance:Maven_project.Maven_java.SeleniumTest@369f73a2]" name="Browserautomation" duration-ms="3" started-at="2021-09-11T11:29:05 IST" finished-at="2021-09-11T11:29:05 IST">
          <reporter-output>
          </reporter-output>
        </test-method> <!-- Browserautomation -->
        <test-method status="PASS" signature="ElementUI()[pri:0, instance:Maven_project.Maven_java.SeleniumTest@369f73a2]" name="ElementUI" duration-ms="0" started-at="2021-09-11T11:29:05 IST" finished-at="2021-09-11T11:29:05 IST">
          <reporter-output>
          </reporter-output>
        </test-method> <!-- ElementUI -->
      </class> <!-- Maven_project.Maven_java.SeleniumTest -->
    </test> <!-- Test -->
  </suite> <!-- Suite -->
</testng-results>
