<?xml version="1.0" encoding="UTF-8"?>
<testng-results ignored="0" total="2" passed="2" failed="0" skipped="0">
  <reporter-output>
  </reporter-output>
  <suite started-at="2021-08-28T22:00:11 IST" name="Default suite" finished-at="2021-08-28T22:00:11 IST" duration-ms="55">
    <groups>
    </groups>
    <test started-at="2021-08-28T22:00:11 IST" name="Default test" finished-at="2021-08-28T22:00:11 IST" duration-ms="55">
      <class name="Maven_project.Maven_java.SeleniumTest">
        <test-method signature="Browserautomation()[pri:0, instance:Maven_project.Maven_java.SeleniumTest@223aa2f7]" started-at="2021-08-28T22:00:11 IST" name="Browserautomation" finished-at="2021-08-28T22:00:11 IST" duration-ms="9" status="PASS">
          <reporter-output>
          </reporter-output>
        </test-method> <!-- Browserautomation -->
        <test-method signature="ElementUI()[pri:0, instance:Maven_project.Maven_java.SeleniumTest@223aa2f7]" started-at="2021-08-28T22:00:11 IST" name="ElementUI" finished-at="2021-08-28T22:00:11 IST" duration-ms="1" status="PASS">
          <reporter-output>
          </reporter-output>
        </test-method> <!-- ElementUI -->
      </class> <!-- Maven_project.Maven_java.SeleniumTest -->
    </test> <!-- Default test -->
  </suite> <!-- Default suite -->
</testng-results>
